<?xml version="1.0" encoding="UTF-8"?>
<!-- Generated by org.testng.reporters.JUnitReportReporter -->
<testsuite hostname="LAPTOP-19ITMQS2" name="com.mystore.tests.RegisterTest" tests="1" failures="0" timestamp="12 Dec 2020 08:22:07 GMT" time="23.585" errors="0">
  <testcase name="Register" time="23.585" classname="com.mystore.tests.RegisterTest"/>
</testsuite> <!-- com.mystore.tests.RegisterTest -->
