<?xml version="1.0" encoding="UTF-8"?>
<!-- Generated by org.testng.reporters.JUnitReportReporter -->
<testsuite hostname="LAPTOP-19ITMQS2" name="com.mystore.tests.LoginTest" tests="2" failures="0" timestamp="21 Dec 2020 03:34:04 GMT" time="40.707" errors="0">
  <testcase name="unsuccessfulLogin" time="18.327" classname="com.mystore.tests.LoginTest"/>
  <testcase name="successfulLogin" time="22.380" classname="com.mystore.tests.LoginTest"/>
</testsuite> <!-- com.mystore.tests.LoginTest -->
